{
  "Cucumber Features": {
    "coverage": {
      "/Users/gawlim/workspace/summer_of_code/project_learning_app/app/controllers/application_controller.rb": [
        1,
        null,
        null
      ],
      "/Users/gawlim/workspace/summer_of_code/project_learning_app/app/helpers/application_helper.rb": [
        1,
        null
      ],
      "/Users/gawlim/workspace/summer_of_code/project_learning_app/app/controllers/home_controller.rb": [
        1,
        1,
        null,
        null
      ],
      "/Users/gawlim/workspace/summer_of_code/project_learning_app/app/controllers/projects_controller.rb": [
        1,
        1,
        null,
        1,
        null,
        1,
        2,
        null,
        null,
        1,
        1,
        null,
        null,
        1,
        1,
        null,
        1,
        null,
        1,
        2,
        null,
        null,
        null,
        1,
        null,
        null,
        1,
        1,
        null,
        null,
        1,
        0,
        null,
        0,
        0,
        null,
        null,
        null,
        1,
        null,
        1,
        1,
        null,
        null
      ],
      "/Users/gawlim/workspace/summer_of_code/project_learning_app/app/models/project.rb": [
        1,
        1,
        null,
        null,
        null,
        1,
        null
      ]
    },
    "timestamp": 1373984640
  },
  "RSpec": {
    "coverage": {
    },
    "timestamp": 1373986077
  }
}
